#
# A fatal error has been detected by the Java Runtime Environment:
#
#  EXCEPTION_ACCESS_VIOLATION (0xc0000005) at pc=0x000000006fb48845, pid=2196, tid=5436
#
# JRE version: Java(TM) SE Runtime Environment (8.0_60-b27) (build 1.8.0_60-b27)
# Java VM: Java HotSpot(TM) 64-Bit Server VM (25.60-b23 mixed mode windows-amd64 compressed oops)
# Problematic frame:
# V  [jvm.dll+0x128845]
#
# Failed to write core dump. Minidumps are not enabled by default on client versions of Windows
#
# If you would like to submit a bug report, please visit:
#   http://bugreport.java.com/bugreport/crash.jsp
#

---------------  T H R E A D  ---------------

Current thread (0x0000000028206800):  JavaThread "JDWP Transport Listener: dt_socket" daemon [_thread_in_vm, id=5436, stack(0x0000000028bf0000,0x0000000028cf0000)]

siginfo: ExceptionCode=0xc0000005, reading address 0xffffffffffffffff

Registers:
RAX=0x0000000028cef801, RBX=0x0000000028206800, RCX=0x3b726f746164696c, RDX=0x0000000000000000
RSP=0x0000000028cef7d0, RBP=0x3b726f746164696c, RSI=0x0000000028cef8e8, RDI=0x0000000002f2a910
R8 =0x0000000028206800, R9 =0x0000000000008000, R10=0x0000000000000000, R11=0x0000000029b97302
R12=0x0000000000000000, R13=0x0000000028212178, R14=0x0000000000000000, R15=0x0000000000000000
RIP=0x000000006fb48845, EFLAGS=0x0000000000010206

Top of Stack: (sp=0x0000000028cef7d0)
0x0000000028cef7d0:   0000000028206800 0000000028206800
0x0000000028cef7e0:   0000000028cef898 000000006fd4e18b
0x0000000028cef7f0:   0000000028206800 000000006fd6a9ed
0x0000000028cef800:   0000000000000000 000000006f7d9155
0x0000000028cef810:   00000000283190d8 000000006f7e291e
0x0000000028cef820:   0000000028206800 0000000000000000
0x0000000028cef830:   0000000000000000 0000000000000000
0x0000000028cef840:   3b726f746164696c 000000006f7e1a15
0x0000000028cef850:   0000000028cef8e8 0000000028cef8c0
0x0000000028cef860:   0000000000000001 00000000283190d8
0x0000000028cef870:   3b726f746164696c 000000006f7c53b3
0x0000000028cef880:   0000000028cef9b0 0000000000000001
0x0000000028cef890:   0000000000000001 00000000283190d8
0x0000000028cef8a0:   0000000000000009 0000000000000000
0x0000000028cef8b0:   0000000000000000 0000000000000000
0x0000000028cef8c0:   0000000000000001 000000006f7c5571 

Instructions: (pc=0x000000006fb48845)
0x000000006fb48825:   cc cc cc cc cc cc cc cc cc cc cc 48 83 ec 28 48
0x000000006fb48835:   85 c9 75 07 33 c0 48 83 c4 28 c3 48 89 5c 24 20
0x000000006fb48845:   48 8b 19 48 85 db 74 20 48 83 fb 37 74 1a 48 8b
0x000000006fb48855:   13 48 8b cb ff 52 10 84 c0 74 0d 48 8b c3 48 8b 


Register to memory mapping:

RAX=0x0000000028cef801 is pointing into the stack for thread: 0x0000000028206800
RBX=0x0000000028206800 is a thread
RCX=0x3b726f746164696c is an unknown value
RDX=0x0000000000000000 is an unknown value
RSP=0x0000000028cef7d0 is pointing into the stack for thread: 0x0000000028206800
RBP=0x3b726f746164696c is an unknown value
RSI=0x0000000028cef8e8 is pointing into the stack for thread: 0x0000000028206800
RDI=0x0000000002f2a910 is an unknown value
R8 =0x0000000028206800 is a thread
R9 =0x0000000000008000 is an unknown value
R10=0x0000000000000000 is an unknown value
R11=0x0000000029b97302 is an unknown value
R12=0x0000000000000000 is an unknown value
R13=0x0000000028212178 is an unknown value
R14=0x0000000000000000 is an unknown value
R15=0x0000000000000000 is an unknown value


Stack: [0x0000000028bf0000,0x0000000028cf0000],  sp=0x0000000028cef7d0,  free space=1021k
Native frames: (J=compiled Java code, j=interpreted, Vv=VM code, C=native code)
V  [jvm.dll+0x128845]
V  [jvm.dll+0x34a9ed]
C  [jdwp.dll+0x21a15]
C  [jdwp.dll+0x53b3]
C  [jdwp.dll+0x5571]
C  [jdwp.dll+0xf0a8]
C  [jdwp.dll+0x1f2d5]
C  [jdwp.dll+0x1f4aa]
V  [jvm.dll+0x1bb8e8]
V  [jvm.dll+0x243134]
V  [jvm.dll+0x299f6a]
C  [msvcr100.dll+0x21d9f]
C  [msvcr100.dll+0x21e3b]
C  [KERNEL32.DLL+0x8364]
C  [ntdll.dll+0x670d1]


---------------  P R O C E S S  ---------------

Java Threads: ( => current thread )
  0x0000000028222800 JavaThread "Service Thread" daemon [_thread_blocked, id=12324, stack(0x00000000292f0000,0x00000000293f0000)]
  0x000000002822f000 JavaThread "C1 CompilerThread3" daemon [_thread_blocked, id=12964, stack(0x00000000291f0000,0x00000000292f0000)]
  0x000000002822e800 JavaThread "C2 CompilerThread2" daemon [_thread_blocked, id=14748, stack(0x00000000290f0000,0x00000000291f0000)]
  0x000000002822c800 JavaThread "C2 CompilerThread1" daemon [_thread_blocked, id=4580, stack(0x0000000028ff0000,0x00000000290f0000)]
  0x0000000028226000 JavaThread "C2 CompilerThread0" daemon [_thread_blocked, id=9000, stack(0x0000000028ef0000,0x0000000028ff0000)]
  0x000000002821f000 JavaThread "JDWP Command Reader" daemon [_thread_in_native, id=4364, stack(0x0000000028df0000,0x0000000028ef0000)]
  0x0000000028214000 JavaThread "JDWP Event Helper Thread" daemon [_thread_blocked, id=11940, stack(0x0000000028cf0000,0x0000000028df0000)]
=>0x0000000028206800 JavaThread "JDWP Transport Listener: dt_socket" daemon [_thread_in_vm, id=5436, stack(0x0000000028bf0000,0x0000000028cf0000)]
  0x00000000281f8000 JavaThread "Attach Listener" daemon [_thread_blocked, id=14212, stack(0x00000000286d0000,0x00000000287d0000)]
  0x00000000281f6800 JavaThread "Signal Dispatcher" daemon [_thread_blocked, id=15988, stack(0x00000000285d0000,0x00000000286d0000)]
  0x000000000306b800 JavaThread "Finalizer" daemon [_thread_blocked, id=15804, stack(0x0000000027fe0000,0x00000000280e0000)]
  0x000000002610d000 JavaThread "Reference Handler" daemon [_thread_blocked, id=8496, stack(0x0000000027ee0000,0x0000000027fe0000)]
  0x0000000002f2e800 JavaThread "main" [_thread_blocked, id=15888, stack(0x0000000002dc0000,0x0000000002ec0000)]

Other Threads:
  0x0000000026109000 VMThread [stack: 0x0000000027de0000,0x0000000027ee0000] [id=13380]
  0x00000000282c9800 WatcherThread [stack: 0x00000000293f0000,0x00000000294f0000] [id=7308]

VM state:not at safepoint (normal execution)

VM Mutex/Monitor currently owned by a thread: None

Heap:
 PSYoungGen      total 153088K, used 73722K [0x0000000715980000, 0x0000000720400000, 0x00000007c0000000)
  eden space 131584K, 56% used [0x0000000715980000,0x000000071a17eaa0,0x000000071da00000)
  from space 21504K, 0% used [0x000000071ef00000,0x000000071ef00000,0x0000000720400000)
  to   space 21504K, 0% used [0x000000071da00000,0x000000071da00000,0x000000071ef00000)
 ParOldGen       total 349696K, used 0K [0x00000005c0c00000, 0x00000005d6180000, 0x0000000715980000)
  object space 349696K, 0% used [0x00000005c0c00000,0x00000005c0c00000,0x00000005d6180000)
 Metaspace       used 16047K, capacity 16330K, committed 16512K, reserved 1064960K
  class space    used 1768K, capacity 1847K, committed 1920K, reserved 1048576K

Card table byte_map: [0x0000000012430000,0x0000000013430000] byte_map_base: 0x000000000f62a000

Marking Bits: (ParMarkBitMap*) 0x000000007022a5b0
 Begin Bits: [0x00000000146e0000, 0x000000001c6b0000)
 End Bits:   [0x000000001c6b0000, 0x0000000024680000)

Polling page: 0x0000000001170000

CodeCache: size=245760Kb used=5170Kb max_used=5181Kb free=240590Kb
 bounds [0x0000000003070000, 0x0000000003590000, 0x0000000012070000]
 total_blobs=1797 nmethods=1402 adapters=316
 compilation: enabled

Compilation events (10 events):
Event: 3.776 Thread 0x000000002822f000 1397       3       java.lang.Integer::toUnsignedString0 (46 bytes)
Event: 3.777 Thread 0x000000002822e800 nmethod 1399 0x00000000035702d0 code [0x0000000003570400, 0x00000000035704b8]
Event: 3.777 Thread 0x000000002822f000 nmethod 1397 0x0000000003580590 code [0x0000000003580720, 0x0000000003580b98]
Event: 3.777 Thread 0x000000002822f000 1398       3       java.lang.Object::toString (36 bytes)
Event: 3.777 Thread 0x000000002822c800 1401       4       java.lang.String::<init> (10 bytes)
Event: 3.777 Thread 0x000000002822c800 nmethod 1401 0x00000000035378d0 code [0x0000000003537a00, 0x0000000003537a78]
Event: 3.777 Thread 0x000000002822f000 nmethod 1398 0x0000000003581350 code [0x0000000003581560, 0x0000000003582128]
Event: 3.777 Thread 0x0000000028226000 nmethod 1400 0x0000000003580ed0 code [0x0000000003581020, 0x00000000035811b8]
Event: 3.777 Thread 0x000000002822e800 1402       4       java.lang.Integer::formatUnsignedInt (48 bytes)
Event: 3.779 Thread 0x000000002822e800 nmethod 1402 0x000000000357cc50 code [0x000000000357cda0, 0x000000000357d018]

GC Heap History (0 events):
No events

Deoptimization events (10 events):
Event: 0.771 Thread 0x0000000002f2e800 Uncommon trap: reason=unstable_if action=reinterpret pc=0x00000000033db954 method=java.lang.CharacterDataLatin1.digit(II)I @ 82
Event: 0.772 Thread 0x0000000002f2e800 Uncommon trap: reason=predicate action=maybe_recompile pc=0x00000000032b9c30 method=sun.net.www.ParseUtil.encodePath(Ljava/lang/String;Z)Ljava/lang/String; @ 36
Event: 0.865 Thread 0x0000000002f2e800 Uncommon trap: reason=unstable_if action=reinterpret pc=0x00000000033e302c method=java.lang.CharacterDataLatin1.digit(II)I @ 82
Event: 0.976 Thread 0x0000000002f2e800 Uncommon trap: reason=unstable_if action=reinterpret pc=0x00000000031fded8 method=java.lang.String.indexOf([CII[CIII)I @ 27
Event: 1.182 Thread 0x0000000002f2e800 Uncommon trap: reason=unstable_if action=reinterpret pc=0x000000000342c714 method=java.util.HashMap.hash(Ljava/lang/Object;)I @ 1
Event: 1.183 Thread 0x0000000002f2e800 Uncommon trap: reason=unstable_if action=reinterpret pc=0x00000000033dad70 method=java.util.HashMap.hash(Ljava/lang/Object;)I @ 1
Event: 1.183 Thread 0x0000000002f2e800 Uncommon trap: reason=unstable_if action=reinterpret pc=0x00000000033ec26c method=java.util.HashMap.hash(Ljava/lang/Object;)I @ 1
Event: 1.740 Thread 0x0000000002f2e800 Uncommon trap: reason=unstable_if action=reinterpret pc=0x0000000003563020 method=com.google.gson.stream.JsonReader.hasNext()Z @ 21
Event: 1.740 Thread 0x0000000002f2e800 Uncommon trap: reason=unstable_if action=reinterpret pc=0x000000000357af74 method=com.google.gson.internal.LinkedTreeMap.rebalance(Lcom/google/gson/internal/LinkedTreeMap$Node;Z)V @ 20
Event: 1.740 Thread 0x0000000002f2e800 Uncommon trap: reason=unstable_if action=reinterpret pc=0x0000000003564120 method=com.google.gson.stream.JsonReader.doPeek()I @ 315

Internal exceptions (10 events):
Event: 0.397 Thread 0x0000000002f2e800 Exception <a 'java/lang/ArrayIndexOutOfBoundsException': 91> (0x0000000717329308) thrown at [C:\re\workspace\8-2-build-windows-amd64-cygwin\jdk8u60\4407\hotspot\src\share\vm\interpreter\interpreterRuntime.cpp, line 366]
Event: 0.397 Thread 0x0000000002f2e800 Exception <a 'java/lang/ArrayIndexOutOfBoundsException': 73> (0x0000000717335450) thrown at [C:\re\workspace\8-2-build-windows-amd64-cygwin\jdk8u60\4407\hotspot\src\share\vm\interpreter\interpreterRuntime.cpp, line 366]
Event: 0.398 Thread 0x0000000002f2e800 Exception <a 'java/lang/ArrayIndexOutOfBoundsException': 100> (0x00000007175cd538) thrown at [C:\re\workspace\8-2-build-windows-amd64-cygwin\jdk8u60\4407\hotspot\src\share\vm\interpreter\interpreterRuntime.cpp, line 366]
Event: 0.409 Thread 0x0000000002f2e800 Exception <a 'java/lang/ArrayIndexOutOfBoundsException': 55> (0x00000007176e1ac8) thrown at [C:\re\workspace\8-2-build-windows-amd64-cygwin\jdk8u60\4407\hotspot\src\share\vm\interpreter\interpreterRuntime.cpp, line 366]
Event: 0.489 Thread 0x0000000002f2e800 Exception <a 'java/lang/NoSuchFieldError': method resolution failed> (0x0000000717cb5018) thrown at [C:\re\workspace\8-2-build-windows-amd64-cygwin\jdk8u60\4407\hotspot\src\share\vm\prims\methodHandles.cpp, line 1146]
Event: 0.492 Thread 0x0000000002f2e800 Exception <a 'java/lang/NoSuchFieldError': method resolution failed> (0x0000000717cc2338) thrown at [C:\re\workspace\8-2-build-windows-amd64-cygwin\jdk8u60\4407\hotspot\src\share\vm\prims\methodHandles.cpp, line 1146]
Event: 0.549 Thread 0x0000000002f2e800 Implicit null exception at 0x000000000338cb06 to 0x000000000338cd3d
Event: 1.182 Thread 0x0000000002f2e800 Implicit null exception at 0x000000000342c454 to 0x000000000342c6fd
Event: 1.183 Thread 0x0000000002f2e800 Implicit null exception at 0x00000000033dacd8 to 0x00000000033dad66
Event: 1.183 Thread 0x0000000002f2e800 Implicit null exception at 0x00000000033ec1ef to 0x00000000033ec25d

Events (10 events):
Event: 62.807 Executing VM operation: GetCurrentLocation
Event: 62.807 Executing VM operation: GetCurrentLocation done
Event: 62.807 Executing VM operation: EnterInterpOnlyMode
Event: 62.807 Executing VM operation: EnterInterpOnlyMode done
Event: 62.807 Executing VM operation: ChangeSingleStep
Event: 62.807 Executing VM operation: ChangeSingleStep done
Event: 62.807 Executing VM operation: ChangeSingleStep
Event: 62.807 Executing VM operation: ChangeSingleStep done
Event: 62.814 Executing VM operation: RedefineClasses
Event: 62.823 Executing VM operation: RedefineClasses done


Dynamic libraries:
0x00007ff64b550000 - 0x00007ff64b587000 	C:\Program Files\Java\jdk1.8.0_60\bin\javaw.exe
0x00007ff909510000 - 0x00007ff9096e1000 	C:\WINDOWS\SYSTEM32\ntdll.dll
0x00007ff908f80000 - 0x00007ff90902b000 	C:\WINDOWS\System32\KERNEL32.DLL
0x00007ff905d30000 - 0x00007ff905f4d000 	C:\WINDOWS\System32\KERNELBASE.dll
0x00007ff909260000 - 0x00007ff909302000 	C:\WINDOWS\System32\ADVAPI32.dll
0x00007ff906ed0000 - 0x00007ff906f6e000 	C:\WINDOWS\System32\msvcrt.dll
0x00007ff906e70000 - 0x00007ff906ec9000 	C:\WINDOWS\System32\sechost.dll
0x00007ff9093e0000 - 0x00007ff909501000 	C:\WINDOWS\System32\RPCRT4.dll
0x00007ff907250000 - 0x00007ff9073b5000 	C:\WINDOWS\System32\USER32.dll
0x00007ff905c10000 - 0x00007ff905c2e000 	C:\WINDOWS\System32\win32u.dll
0x00007ff906c40000 - 0x00007ff906c74000 	C:\WINDOWS\System32\GDI32.dll
0x00007ff906860000 - 0x00007ff9069e2000 	C:\WINDOWS\System32\gdi32full.dll
0x00007ff8fcb30000 - 0x00007ff8fcda9000 	C:\WINDOWS\WinSxS\amd64_microsoft.windows.common-controls_6595b64144ccf1df_6.0.14393.447_none_42191651c6827bb3\COMCTL32.dll
0x00007ff906f80000 - 0x00007ff907248000 	C:\WINDOWS\System32\combase.dll
0x00007ff905a00000 - 0x00007ff905af5000 	C:\WINDOWS\System32\ucrtbase.dll
0x00007ff905ba0000 - 0x00007ff905c0a000 	C:\WINDOWS\System32\bcryptPrimitives.dll
0x00007ff906e40000 - 0x00007ff906e6e000 	C:\WINDOWS\System32\IMM32.DLL
0x0000000070810000 - 0x00000000708e2000 	C:\Program Files\Java\jdk1.8.0_60\jre\bin\msvcr100.dll
0x000000006fa20000 - 0x00000000702a9000 	C:\Program Files\Java\jdk1.8.0_60\jre\bin\server\jvm.dll
0x00007ff906f70000 - 0x00007ff906f78000 	C:\WINDOWS\System32\PSAPI.DLL
0x00007ff8f5fb0000 - 0x00007ff8f5fb9000 	C:\WINDOWS\SYSTEM32\WSOCK32.dll
0x00007ff900dc0000 - 0x00007ff900dca000 	C:\WINDOWS\SYSTEM32\VERSION.dll
0x00007ff903cd0000 - 0x00007ff903cf3000 	C:\WINDOWS\SYSTEM32\WINMM.dll
0x00007ff909040000 - 0x00007ff9090aa000 	C:\WINDOWS\System32\WS2_32.dll
0x00007ff903c70000 - 0x00007ff903c9b000 	C:\WINDOWS\SYSTEM32\WINMMBASE.dll
0x00007ff905ce0000 - 0x00007ff905d22000 	C:\WINDOWS\System32\cfgmgr32.dll
0x0000000071150000 - 0x000000007115f000 	C:\Program Files\Java\jdk1.8.0_60\jre\bin\verify.dll
0x0000000071120000 - 0x0000000071149000 	C:\Program Files\Java\jdk1.8.0_60\jre\bin\java.dll
0x000000006f7c0000 - 0x000000006f7f5000 	C:\Program Files\Java\jdk1.8.0_60\jre\bin\jdwp.dll
0x0000000071110000 - 0x0000000071118000 	C:\Program Files\Java\jdk1.8.0_60\jre\bin\npt.dll
0x0000000070b70000 - 0x0000000070b86000 	C:\Program Files\Java\jdk1.8.0_60\jre\bin\zip.dll
0x00007ff907620000 - 0x00007ff908b29000 	C:\WINDOWS\System32\SHELL32.dll
0x00007ff906180000 - 0x00007ff90685a000 	C:\WINDOWS\System32\windows.storage.dll
0x00007ff9059b0000 - 0x00007ff9059fc000 	C:\WINDOWS\System32\powrprof.dll
0x00007ff906c80000 - 0x00007ff906cd2000 	C:\WINDOWS\System32\shlwapi.dll
0x00007ff9059a0000 - 0x00007ff9059af000 	C:\WINDOWS\System32\kernel.appcore.dll
0x00007ff905c30000 - 0x00007ff905cd9000 	C:\WINDOWS\System32\shcore.dll
0x00007ff905980000 - 0x00007ff905994000 	C:\WINDOWS\System32\profapi.dll
0x000000006f7b0000 - 0x000000006f7b9000 	C:\Program Files\Java\jdk1.8.0_60\jre\bin\dt_socket.dll
0x00007ff8f4790000 - 0x00007ff8f47a6000 	C:\WINDOWS\system32\napinsp.dll
0x00007ff8f4770000 - 0x00007ff8f478a000 	C:\WINDOWS\system32\pnrpnsp.dll
0x00007ff903590000 - 0x00007ff9035a8000 	C:\WINDOWS\system32\NLAapi.dll
0x00007ff9052a0000 - 0x00007ff9052fc000 	C:\WINDOWS\System32\mswsock.dll
0x00007ff905070000 - 0x00007ff905110000 	C:\WINDOWS\SYSTEM32\DNSAPI.dll
0x00007ff9090b0000 - 0x00007ff9090b8000 	C:\WINDOWS\System32\NSI.dll
0x00007ff905030000 - 0x00007ff905068000 	C:\WINDOWS\SYSTEM32\IPHLPAPI.DLL
0x00007ff8f4760000 - 0x00007ff8f476e000 	C:\WINDOWS\System32\winrnr.dll
0x00007ff8f4740000 - 0x00007ff8f4755000 	C:\WINDOWS\System32\wshbth.dll
0x0000000072460000 - 0x0000000072486000 	C:\Program Files\Bonjour\mdnsNSP.dll
0x00007ff8ff140000 - 0x00007ff8ff1aa000 	C:\WINDOWS\System32\fwpuclnt.dll
0x00007ff9058b0000 - 0x00007ff9058db000 	C:\WINDOWS\SYSTEM32\bcrypt.dll
0x00007ff8fe740000 - 0x00007ff8fe74a000 	C:\Windows\System32\rasadhlp.dll
0x0000000070b00000 - 0x0000000070b24000 	C:\Program Files\Java\jdk1.8.0_60\jre\bin\sunec.dll
0x00007ff905450000 - 0x00007ff905467000 	C:\WINDOWS\SYSTEM32\CRYPTSP.dll
0x00007ff904e50000 - 0x00007ff904e83000 	C:\WINDOWS\system32\rsaenh.dll
0x00007ff905120000 - 0x00007ff90513f000 	C:\WINDOWS\SYSTEM32\USERENV.dll
0x00007ff905440000 - 0x00007ff90544b000 	C:\WINDOWS\SYSTEM32\CRYPTBASE.dll
0x0000000070b50000 - 0x0000000070b6a000 	C:\Program Files\Java\jdk1.8.0_60\jre\bin\net.dll
0x00007ff8ff120000 - 0x00007ff8ff136000 	C:\WINDOWS\SYSTEM32\dhcpcsvc6.DLL
0x00007ff8ff530000 - 0x00007ff8ff54a000 	C:\WINDOWS\SYSTEM32\dhcpcsvc.DLL
0x0000000070b30000 - 0x0000000070b41000 	C:\Program Files\Java\jdk1.8.0_60\jre\bin\nio.dll
0x00007ff8f6e30000 - 0x00007ff8f6fc2000 	C:\WINDOWS\SYSTEM32\dbghelp.dll

VM Arguments:
jvm_args: -agentlib:jdwp=transport=dt_socket,suspend=y,address=localhost:50973 -Djava.util.logging.config.file=logging.properties -Dctc.config.path=file:///C:\Users\atram\git\ctc_deploy\Chicago_Top_Condos\config\desktop-local -Dctc_config_path=/config/desktop-local -Dfile.encoding=UTF-8 
java_command: com.github.atramos.etrade_tools.Downloader
java_class_path (initial): C:\Users\atram\git\etrade_tools\etrade-tools\target\classes;C:\Users\atram\.m2\repository\log4j\log4j\1.2.17\log4j-1.2.17.jar;C:\Users\atram\.m2\repository\commons-codec\commons-codec\1.3\commons-codec-1.3.jar;C:\Users\atram\.m2\repository\com\thoughtworks\xstream\xstream\1.3.1\xstream-1.3.1.jar;C:\Users\atram\.m2\repository\xpp3\xpp3_min\1.1.4c\xpp3_min-1.1.4c.jar;C:\Users\atram\.m2\repository\commons-lang\commons-lang\2.4\commons-lang-2.4.jar;C:\Users\atram\.m2\repository\commons-logging\commons-logging\1.0.4\commons-logging-1.0.4.jar;C:\Users\atram\.m2\repository\commons-httpclient\commons-httpclient\3.1\commons-httpclient-3.1.jar;C:\Users\atram\git\etrade_tools\etrade-tools\src\lib\commons-httpclient-contrib-ssl-3.1.jar;C:\Users\atram\git\etrade_tools\etrade-tools\src\lib\etws-accounts-sdk-1.0.jar;C:\Users\atram\git\etrade_tools\etrade-tools\src\lib\etws-common-connections-1.0.jar;C:\Users\atram\git\etrade_tools\etrade-tools\src\lib\etws-market-sdk-1.0.jar;C:\Users\atram\git\etrade_tools\etrade-tools\src\lib\etws-oauth-sdk-1.0.jar;C:\Users\atram\git\etrade_tools\etrade-tools\src\lib\etws-order-sdk-1.0.jar;C:\Users\atram\.m2\repository\com\fasterxml\jackson\core\jackson-core\2.8.6\jackson-core-2.8.6.jar;C:\Users\atram\.m2\repository\com\fasterxml\jackson\core\jackson-databind\2.8.6\jackson-databind-2.8.6.jar;C:\Users\atram\.m2\repository\com\fasterxml\jackson\core\jackson-annotations\2.8.0\jackson-annotations-2.8.0.jar;C:\Users\atram\.m2\repository\com\cloudant\cloudant-client\2.7.0\cloudant-client-2.7.0.jar;C:\Users\atram\.m2\repository\com\google\code\gson\gson\2.7\gson-2.7.jar;C:\Users\atram\.m2\repository\com\cloudant\cloudant-http\2.7.0\cloudant-http-2.7.0.jar;C:\Users\atram\.m2\repository\commons-io\commons-io\2.4\commons-io-2.4.jar;C:\Users\atram\.m2\repository\org\apache\commons\commons-csv\1.4\commons-csv-1.4.jar;C:\Users\atram\.m2\repository\org\apache\commons\commons-collections4\4.1\commons-collections4-4.1.jar
Launcher Type: SUN_STANDARD

Environment Variables:
PATH=C:\Program Files\Java\jdk1.8.0_60\jre\bin;C:/Program Files/Java/jdk1.8.0_60/bin/../jre/bin/server;C:/Program Files/Java/jdk1.8.0_60/bin/../jre/bin;C:/Program Files/Java/jdk1.8.0_60/bin/../jre/lib/amd64;C:\Perl64\site\bin;C:\Perl64\bin;C:\WINDOWS\system32;C:\WINDOWS;C:\WINDOWS\System32\Wbem;C:\WINDOWS\System32\WindowsPowerShell\v1.0\;C:\Program Files\Git\cmd;C:\Program Files (x86)\QuickTime\QTSystem\;C:\Program Files (x86)\MySQL\MySQL Utilities 1.4.4\;C:\Program Files (x86)\MySQL\MySQL Utilities 1.4.4\Doctrine extensions for PHP\;C:\Program Files (x86)\Windows Live\Shared;C:\WINDOWS\system32\config\systemprofile\.dnx\bin;C:\Program Files\Microsoft DNX\Dnvm\;C:\Program Files\Microsoft SQL Server\130\Tools\Binn\;C:\Program Files (x86)\Windows Kits\8.1\Windows Performance Toolkit\;C:\Program Files (x86)\Kensington\TrackballWorks;C:\Python35\Scripts\;C:\Python35\;C:\Program Files (x86)\Bitvise SSH Client;C:\Program Files\Java\jdk1.8.0_60\bin;C:\Program Files\MySQL\MySQL Server 5.7\bin;C:\Program Files (x86)\Microsoft Visual Studio 14.0\VC\bin;C:\Users\atram\AppData\Local\Microsoft\WindowsApps;Z:\USR\BIN;Z:\usr\eclipse-jee-mars-R-win32-x86_64\eclipse;
USERNAME=atram
OS=Windows_NT
PROCESSOR_IDENTIFIER=Intel64 Family 6 Model 60 Stepping 3, GenuineIntel



---------------  S Y S T E M  ---------------

OS: Windows 10.0 , 64 bit Build 14393 (10.0.14393.0)

CPU:total 8 (4 cores per cpu, 2 threads per core) family 6 model 60 stepping 3, cmov, cx8, fxsr, mmx, sse, sse2, sse3, ssse3, sse4.1, sse4.2, popcnt, avx, avx2, aes, clmul, erms, lzcnt, ht, tsc, tscinvbit, bmi1, bmi2

Memory: 4k page, physical 33504472k(24475704k free), swap 38485208k(26078524k free)

vm_info: Java HotSpot(TM) 64-Bit Server VM (25.60-b23) for windows-amd64 JRE (1.8.0_60-b27), built on Aug  4 2015 11:06:27 by "java_re" with MS VC++ 10.0 (VS2010)

time: Sun Feb 12 15:50:34 2017
elapsed time: 62 seconds (0d 0h 1m 2s)

